<?xml version="1.0" encoding="UTF-8"?>
<!-- Generated by org.testng.reporters.JUnitXMLReporter -->
<testsuite ignored="0" hostname="ATMECSINDT-080" failures="0" tests="7" name="Default test" time="25.985" errors="0" timestamp="12 Nov 2019 07:28:21 GMT">
  <testcase classname="com.atmecs.ninja.testbase.InvokeBrowser" name="setup" time="14.039"/>
  <testcase classname="com.atmecs.ninja.testscripts.Homepage" name="clickSearchButton" time="0.146"/>
  <testcase classname="com.atmecs.ninja.testscripts.AddCart" name="enterData" time="5.165"/>
  <testcase classname="com.atmecs.ninja.testscripts.AddCart" name="enterData" time="3.25"/>
  <testcase classname="com.atmecs.ninja.testscripts.AddCart" name="validateCartAfterAdd" time="0.997"/>
  <testcase classname="com.atmecs.ninja.testscripts.AddCart" name="validateAfterRemove" time="0.927"/>
  <testcase classname="com.atmecs.ninja.testscripts.AddCart" name="negativeTestCase" time="0.843"/>
</testsuite> <!-- Default test -->
