<?xml version="1.0" encoding="UTF-8"?>
<testng-results ignored="0" total="7" passed="7" failed="0" skipped="0">
  <reporter-output>
  </reporter-output>
  <suite started-at="2019-11-12T07:27:55Z" name="Default suite" finished-at="2019-11-12T07:28:21Z" duration-ms="25985">
    <groups>
    </groups>
    <test started-at="2019-11-12T07:27:55Z" name="Default test" finished-at="2019-11-12T07:28:21Z" duration-ms="25985">
      <class name="com.atmecs.ninja.testscripts.AddCart">
        <test-method signature="setup()[pri:1, instance:com.atmecs.ninja.testscripts.AddCart@1ea9f6af]" started-at="2019-11-12T07:27:55Z" name="setup" finished-at="2019-11-12T07:28:09Z" duration-ms="14039" status="PASS">
          <reporter-output>
          </reporter-output>
        </test-method> <!-- setup -->
        <test-method signature="clickSearchButton()[pri:2, instance:com.atmecs.ninja.testscripts.AddCart@1ea9f6af]" started-at="2019-11-12T07:28:09Z" name="clickSearchButton" finished-at="2019-11-12T07:28:09Z" duration-ms="146" status="PASS">
          <reporter-output>
          </reporter-output>
        </test-method> <!-- clickSearchButton -->
        <test-method signature="enterData([Ljava.lang.String;)[pri:3, instance:com.atmecs.ninja.testscripts.AddCart@1ea9f6af]" started-at="2019-11-12T07:28:09Z" name="enterData" data-provider="data" finished-at="2019-11-12T07:28:15Z" duration-ms="5165" status="PASS">
          <params>
            <param index="0">
              <value>
                <![CDATA[[Ljava.lang.String;@2787de58]]>
              </value>
            </param>
          </params>
          <reporter-output>
          </reporter-output>
        </test-method> <!-- enterData -->
        <test-method signature="enterData([Ljava.lang.String;)[pri:3, instance:com.atmecs.ninja.testscripts.AddCart@1ea9f6af]" started-at="2019-11-12T07:28:15Z" name="enterData" data-provider="data" finished-at="2019-11-12T07:28:18Z" duration-ms="3250" status="PASS">
          <params>
            <param index="0">
              <value>
                <![CDATA[[Ljava.lang.String;@659a2455]]>
              </value>
            </param>
          </params>
          <reporter-output>
          </reporter-output>
        </test-method> <!-- enterData -->
        <test-method signature="validateCartAfterAdd()[pri:4, instance:com.atmecs.ninja.testscripts.AddCart@1ea9f6af]" started-at="2019-11-12T07:28:18Z" name="validateCartAfterAdd" finished-at="2019-11-12T07:28:19Z" duration-ms="997" status="PASS">
          <reporter-output>
          </reporter-output>
        </test-method> <!-- validateCartAfterAdd -->
        <test-method signature="validateAfterRemove()[pri:5, instance:com.atmecs.ninja.testscripts.AddCart@1ea9f6af]" started-at="2019-11-12T07:28:19Z" name="validateAfterRemove" finished-at="2019-11-12T07:28:20Z" duration-ms="927" status="PASS">
          <reporter-output>
          </reporter-output>
        </test-method> <!-- validateAfterRemove -->
        <test-method signature="negativeTestCase()[pri:6, instance:com.atmecs.ninja.testscripts.AddCart@1ea9f6af]" started-at="2019-11-12T07:28:20Z" name="negativeTestCase" finished-at="2019-11-12T07:28:21Z" duration-ms="843" status="PASS">
          <reporter-output>
          </reporter-output>
        </test-method> <!-- negativeTestCase -->
      </class> <!-- com.atmecs.ninja.testscripts.AddCart -->
    </test> <!-- Default test -->
  </suite> <!-- Default suite -->
</testng-results>
